Log file open, 01/22/19 17:35:40
LogWindows: Failed to load 'aqProf.dll' (GetLastError=126)
LogWindows: File 'aqProf.dll' does not exist
LogWindows: Failed to load 'VSPerf140.dll' (GetLastError=126)
LogWindows: File 'VSPerf140.dll' does not exist
LogWindows: Failed to load 'VtuneApi.dll' (GetLastError=126)
LogWindows: File 'VtuneApi.dll' does not exist
LogWindows: Failed to load 'VtuneApi32e.dll' (GetLastError=126)
LogWindows: File 'VtuneApi32e.dll' does not exist
LogInit: Display: Running engine for game: JB_ICWBoxLvlDsn
LogPlatformFile: Not using cached read wrapper
LogTaskGraph: Started task graph with 5 named threads and 23 total threads with 3 sets of task threads.
LogStats: Stats thread started at 0.267199
LogD3D11RHI: Loaded GFSDK_Aftermath_Lib.x64.dll
LogICUInternationalization: Display: ICU TimeZone Detection - Raw Offset: -7:00, Platform Override: ''
LogPluginManager: Mounting plugin Paper2D
LogPluginManager: Mounting plugin AISupport
LogPluginManager: Mounting plugin LightPropagationVolume
LogPluginManager: Mounting plugin CLionSourceCodeAccess
LogPluginManager: Mounting plugin CodeLiteSourceCodeAccess
LogPluginManager: Mounting plugin GitSourceControl
LogPluginManager: Mounting plugin KDevelopSourceCodeAccess
LogPluginManager: Mounting plugin NullSourceCodeAccess
LogPluginManager: Mounting plugin PerforceSourceControl
LogPluginManager: Mounting plugin SubversionSourceControl
LogPluginManager: Mounting plugin UObjectPlugin
LogPluginManager: Mounting plugin VisualStudioCodeSourceCodeAccess
LogPluginManager: Mounting plugin VisualStudioSourceCodeAccess
LogPluginManager: Mounting plugin XCodeSourceCodeAccess
LogPluginManager: Mounting plugin AssetManagerEditor
LogPluginManager: Mounting plugin CryptoKeys
LogPluginManager: Mounting plugin DataValidation
LogPluginManager: Mounting plugin FacialAnimation
LogPluginManager: Mounting plugin GameplayTagsEditor
LogPluginManager: Mounting plugin MacGraphicsSwitching
LogPluginManager: Mounting plugin MeshEditor
LogPluginManager: Mounting plugin MobileLauncherProfileWizard
LogPluginManager: Mounting plugin PluginBrowser
LogPluginManager: Mounting plugin SpeedTreeImporter
LogPluginManager: Mounting plugin DatasmithContent
LogPluginManager: Mounting plugin AlembicImporter
LogPluginManager: Mounting plugin AppleImageUtils
LogPluginManager: Mounting plugin AppleVision
LogPluginManager: Mounting plugin BackChannel
LogPluginManager: Mounting plugin CharacterAI
LogPluginManager: Mounting plugin GeometryCache
LogPluginManager: Mounting plugin HTML5Networking
LogPluginManager: Mounting plugin ProxyLODPlugin
LogPluginManager: Mounting plugin MagicLeap
LogPluginManager: Mounting plugin MagicLeapEmulator
LogPluginManager: Mounting plugin MagicLeapMedia
LogPluginManager: Mounting plugin AndroidMedia
LogPluginManager: Mounting plugin AvfMedia
LogPluginManager: Mounting plugin ImgMedia
LogPluginManager: Mounting plugin LinearTimecode
LogPluginManager: Mounting plugin MediaCompositing
LogPluginManager: Mounting plugin MediaPlayerEditor
LogPluginManager: Mounting plugin WmfMedia
LogPluginManager: Mounting plugin TcpMessaging
LogPluginManager: Mounting plugin UdpMessaging
LogPluginManager: Mounting plugin ActorSequence
LogPluginManager: Mounting plugin LevelSequenceEditor
LogPluginManager: Mounting plugin MatineeToLevelSequence
LogPluginManager: Mounting plugin NetcodeUnitTest
LogPluginManager: Mounting plugin NUTUnrealEngine4
LogPluginManager: Mounting plugin OnlineSubsystemGooglePlay
LogPluginManager: Mounting plugin OnlineSubsystemIOS
LogPluginManager: Mounting plugin OnlineSubsystem
LogPluginManager: Mounting plugin OnlineSubsystemNull
LogPluginManager: Mounting plugin OnlineSubsystemUtils
LogPluginManager: Mounting plugin LauncherChunkInstaller
LogPluginManager: Mounting plugin AndroidDeviceProfileSelector
LogPluginManager: Mounting plugin AndroidMoviePlayer
LogPluginManager: Mounting plugin AndroidPermission
LogPluginManager: Mounting plugin AppleMoviePlayer
LogPluginManager: Mounting plugin ArchVisCharacter
LogPluginManager: Mounting plugin AudioCapture
LogPluginManager: Mounting plugin CableComponent
LogPluginManager: Mounting plugin CustomMeshComponent
LogPluginManager: Mounting plugin EditableMesh
LogPluginManager: Mounting plugin ExampleDeviceProfileSelector
LogPluginManager: Mounting plugin GoogleCloudMessaging
LogPluginManager: Mounting plugin ImmediatePhysics
LogPluginManager: Mounting plugin IOSDeviceProfileSelector
LogPluginManager: Mounting plugin LinuxDeviceProfileSelector
LogPluginManager: Mounting plugin LocationServicesBPLibrary
LogPluginManager: Mounting plugin MobilePatchingUtils
LogPluginManager: Mounting plugin OculusVR
LogPluginManager: Plugin shader directory ../../../Engine/Plugins/Runtime/Oculus/OculusVR/Shaders found
LogPluginManager: Mapping shader source directory ../../../Engine/Plugins/Runtime/Oculus/OculusVR/Shaders to virtual directory /Plugin/OculusVR
LogPluginManager: Mounting plugin PhysXVehicles
LogPluginManager: Mounting plugin ProceduralMeshComponent
LogPluginManager: Mounting plugin RuntimePhysXCooking
LogPluginManager: Mounting plugin WindowsMoviePlayer
LogStreaming: Display: Took  0.081s to configure plugins.
LogInit: Using libcurl 7.55.1-DEV
LogInit:  - built for x86_64-pc-win32
LogInit:  - supports SSL with OpenSSL/1.0.2h
LogInit:  - supports HTTP deflate (compression) using libz 1.2.8
LogInit:  - other features:
LogInit:      CURL_VERSION_SSL
LogInit:      CURL_VERSION_LIBZ
LogInit:      CURL_VERSION_IPV6
LogInit:      CURL_VERSION_ASYNCHDNS
LogInit:      CURL_VERSION_LARGEFILE
LogInit:      CURL_VERSION_IDN
LogInit:  CurlRequestOptions (configurable via config and command line):
LogInit:  - bVerifyPeer = false  - Libcurl will NOT verify peer certificate
LogInit:  - bUseHttpProxy = false  - Libcurl will NOT use HTTP proxy
LogInit:  - bDontReuseConnections = false  - Libcurl will reuse connections
LogInit:  - CertBundlePath = nullptr  - Libcurl will use whatever was configured at build time.
LogInit:  - MaxHostConnections = 16  - Libcurl will limit the number of connections to a host
LogInit:  - LocalHostAddr = Default
LogInit:  - BufferSize = 65536
LogInit: WinSock: version 1.1 (2.2), MaxSocks=32767, MaxUdp=65467
LogHMD: Failed initializing OVRPlugin 1.25.0
LogInit: Build: ++UE4+Release-4.20-CL-4369336
LogInit: Engine Version: 4.20.3-4369336+++UE4+Release-4.20
LogInit: Compatible Engine Version: 4.20.0-4212847+++UE4+Release-4.20
LogInit: Net CL: 4212847
LogInit: OS: Windows 10 (), CPU: Intel(R) Core(TM) i7-7700 CPU @ 3.60GHz, GPU: NVIDIA GeForce GTX 1070
LogInit: Compiled (64-bit): Sep 17 2018 12:26:19
LogInit: Compiled with Visual C++: 19.13.26129.00
LogInit: Build Configuration: Development
LogInit: Branch Name: ++UE4+Release-4.20
LogInit: Command Line: 
LogInit: Base Directory: C:/Program Files/Epic Games/UE_4.20/Engine/Binaries/Win64/
LogInit: Installed Engine Build: 1
LogDevObjectVersion: Number of dev versions registered: 20
LogDevObjectVersion:   Dev-Blueprints (B0D832E4-1F89-4F0D-ACCF-7EB736FD4AA2): 10
LogDevObjectVersion:   Dev-Build (E1C64328-A22C-4D53-A36C-8E866417BD8C): 0
LogDevObjectVersion:   Dev-Core (375EC13C-06E4-48FB-B500-84F0262A717E): 2
LogDevObjectVersion:   Dev-Editor (E4B068ED-F494-42E9-A231-DA0B2E46BB41): 24
LogDevObjectVersion:   Dev-Framework (CFFC743F-43B0-4480-9391-14DF171D2073): 34
LogDevObjectVersion:   Dev-Mobile (B02B49B5-BB20-44E9-A304-32B752E40360): 2
LogDevObjectVersion:   Dev-Networking (A4E4105C-59A1-49B5-A7C5-40C4547EDFEE): 0
LogDevObjectVersion:   Dev-Online (39C831C9-5AE6-47DC-9A44-9C173E1C8E7C): 0
LogDevObjectVersion:   Dev-Physics (78F01B33-EBEA-4F98-B9B4-84EACCB95AA2): 0
LogDevObjectVersion:   Dev-Platform (6631380F-2D4D-43E0-8009-CF276956A95A): 0
LogDevObjectVersion:   Dev-Rendering (12F88B9F-8875-4AFC-A67C-D90C383ABD29): 26
LogDevObjectVersion:   Dev-Sequencer (7B5AE74C-D270-4C10-A958-57980B212A5A): 9
LogDevObjectVersion:   Dev-VR (D7296918-1DD6-4BDD-9DE2-64A83CC13884): 2
LogDevObjectVersion:   Dev-LoadTimes (C2A15278-BFE7-4AFE-6C17-90FF531DF755): 1
LogDevObjectVersion:   Private-Geometry (6EACA3D4-40EC-4CC1-B786-8BED09428FC5): 3
LogDevObjectVersion:   Dev-AnimPhys (29E575DD-E0A3-4627-9D10-D276232CDCEA): 17
LogDevObjectVersion:   Dev-ReflectionCapture (6B266CEC-1EC7-4B8F-A30B-E4D90942FC07): 1
LogDevObjectVersion:   Dev-Automation (0DF73D61-A23F-47EA-B727-89E90C41499A): 1
LogDevObjectVersion:   FortniteMain (601D1886-AC64-4F84-AA16-D3DE0DEAC7D6): 12
LogDevObjectVersion:   Dev-Enterprise (9DFFBCD6-494F-0158-E221-12823C92A888): 1
LogStreaming: Display: Took  0.001s to delete old logs.
LogInit: Presizing for max 8388607 objects, including 0 objects not considered by GC, pre-allocating 0 bytes for permanent pool.
LogInit: Object subsystem initialized
[2019.01.23-00.35.41:206][  0]LogInit: Selected Device Profile: [Windows]
[2019.01.23-00.35.41:206][  0]LogInit: Applying CVar settings loaded from the selected device profile: [Windows]
[2019.01.23-00.35.41:217][  0]LogHAL: Display: Platform has ~ 32 GB [34299092992 / 34359738368 / 32], which maps to Largest [LargestMinGB=32, LargerMinGB=12, DefaultMinGB=8, SmallerMinGB=6, SmallestMinGB=0)
[2019.01.23-00.35.41:217][  0]LogInit: Setting Device Profile CVar: [[r.Vulkan.UseRealUBs:1]]
[2019.01.23-00.35.41:217][  0]LogInit: Going up to parent DeviceProfile []
[2019.01.23-00.35.41:218][  0]LogInit: Computer: DESKTOP-8SD7U4Q
[2019.01.23-00.35.41:218][  0]LogInit: User: Ellipse
[2019.01.23-00.35.41:218][  0]LogInit: CPU Page size=4096, Cores=4
[2019.01.23-00.35.41:218][  0]LogInit: High frequency timer resolution =3.515626 MHz
[2019.01.23-00.35.41:218][  0]LogMemory: Memory total: Physical=31.9GB (32GB approx)
[2019.01.23-00.35.41:218][  0]LogMemory: Platform Memory Stats for Windows
[2019.01.23-00.35.41:218][  0]LogMemory: Process Physical Memory: 101.01 MB used, 101.01 MB peak
[2019.01.23-00.35.41:218][  0]LogMemory: Process Virtual Memory: 94.25 MB used, 94.25 MB peak
[2019.01.23-00.35.41:218][  0]LogMemory: Physical Memory: 8087.73 MB used,  24622.43 MB free, 32710.16 MB total
[2019.01.23-00.35.41:218][  0]LogMemory: Virtual Memory: 4654.01 MB used,  24622.43 MB free, 134217728.00 MB total
[2019.01.23-00.35.41:244][  0]LogInit: Using OS detected language (en-US).
[2019.01.23-00.35.41:244][  0]LogInit: Using OS detected locale (en-US).
[2019.01.23-00.35.41:245][  0]LogTextLocalizationManager: No specific localization for 'en-US' exists, so the 'en' localization will be used.
[2019.01.23-00.35.41:548][  0]LogStreaming: Display: Took  0.304s to InitEngineTextLocalization.
[2019.01.23-00.35.41:548][  0]LogInit: Setting process to per monitor DPI aware
[2019.01.23-00.35.41:578][  0]LogSlate: New Slate User Created.  User Index 0, Is Virtual User: 0
[2019.01.23-00.35.41:578][  0]LogSlate: Slate User Registered.  User Index 0, Is Virtual User: 0
[2019.01.23-00.35.41:724][  0]LogD3D11RHI: D3D11 adapters:
[2019.01.23-00.35.41:781][  0]LogD3D11RHI:    0. 'NVIDIA GeForce GTX 1070' (Feature Level 11_0)
[2019.01.23-00.35.41:781][  0]LogD3D11RHI:       8088/0/16355 MB DedicatedVideo/DedicatedSystem/SharedSystem, Outputs:1, VendorId:0x10de
[2019.01.23-00.35.41:783][  0]LogD3D11RHI:    1. 'Microsoft Basic Render Driver' (Feature Level 11_0)
[2019.01.23-00.35.41:783][  0]LogD3D11RHI:       0/0/16355 MB DedicatedVideo/DedicatedSystem/SharedSystem, Outputs:0, VendorId:0x1414
[2019.01.23-00.35.41:783][  0]LogD3D11RHI: Chosen D3D11 Adapter: 0
[2019.01.23-00.35.41:789][  0]LogD3D11RHI: Creating new Direct3DDevice
[2019.01.23-00.35.41:789][  0]LogD3D11RHI:     GPU DeviceId: 0x1b81 (for the marketing name, search the web for "GPU Device Id")
[2019.01.23-00.35.41:789][  0]LogWindows: EnumDisplayDevices:
[2019.01.23-00.35.41:789][  0]LogWindows:    0. 'NVIDIA GeForce GTX 1070' (P:1 D:1)
[2019.01.23-00.35.41:789][  0]LogWindows:    1. 'NVIDIA GeForce GTX 1070' (P:0 D:0)
[2019.01.23-00.35.41:789][  0]LogWindows:    2. 'NVIDIA GeForce GTX 1070' (P:0 D:0)
[2019.01.23-00.35.41:790][  0]LogWindows:    3. 'NVIDIA GeForce GTX 1070' (P:0 D:0)
[2019.01.23-00.35.41:790][  0]LogWindows: DebugString: FoundDriverCount:4 
[2019.01.23-00.35.41:790][  0]LogD3D11RHI:     Adapter Name: NVIDIA GeForce GTX 1070
[2019.01.23-00.35.41:790][  0]LogD3D11RHI:   Driver Version: 397.93 (internal:24.21.13.9793, unified:397.93)
[2019.01.23-00.35.41:790][  0]LogD3D11RHI:      Driver Date: 5-22-2018
[2019.01.23-00.35.41:790][  0]LogRHI: Texture pool is 5661 MB (70% of 8088 MB)
[2019.01.23-00.35.41:820][  0]LogD3D11RHI: Async texture creation enabled
[2019.01.23-00.35.41:836][  0]LogD3D11RHI: GPU Timing Frequency: 1000.000000 (Debug: 2 2)
[2019.01.23-00.35.41:878][  0]LogShaderCompilers: Guid format shader working directory is -42 characters bigger than the processId version (../../../../../../Users/Ellipse/Documents/Unreal Projects/JB_ICWBoxLvlDsn/JB_ICWBoxLvlDsn/Intermediate/Shaders/WorkingDirectory/13148/).
[2019.01.23-00.35.41:879][  0]LogShaderCompilers: Cleaned the shader compiler working directory 'C:/Users/Ellipse/AppData/Local/Temp/UnrealShaderWorkingDir/E61B2BBF4793B531685CE6B438F8DB11/'.
[2019.01.23-00.35.42:091][  0]LogTemp: Display: Loaded TP AllDesktopTargetPlatform
[2019.01.23-00.35.42:101][  0]LogTemp: Display: Loaded TP MacClientTargetPlatform
[2019.01.23-00.35.42:111][  0]LogTemp: Display: Loaded TP MacNoEditorTargetPlatform
[2019.01.23-00.35.42:122][  0]LogTemp: Display: Loaded TP MacServerTargetPlatform
[2019.01.23-00.35.42:132][  0]LogTemp: Display: Loaded TP MacTargetPlatform
[2019.01.23-00.35.42:143][  0]LogTemp: Display: Loaded TP WindowsClientTargetPlatform
[2019.01.23-00.35.42:153][  0]LogTemp: Display: Loaded TP WindowsNoEditorTargetPlatform
[2019.01.23-00.35.42:164][  0]LogTemp: Display: Loaded TP WindowsServerTargetPlatform
[2019.01.23-00.35.42:169][  0]LogTemp: Display: Loaded TP WindowsTargetPlatform
[2019.01.23-00.35.42:229][  0]LogTemp: Display: Loaded TP AndroidTargetPlatform
[2019.01.23-00.35.42:229][  0]LogTemp: Display: Loaded TP AndroidTargetPlatform
[2019.01.23-00.35.42:229][  0]LogTemp: Display: Loaded TP AndroidTargetPlatform
[2019.01.23-00.35.42:229][  0]LogTemp: Display: Loaded TP AndroidTargetPlatform
[2019.01.23-00.35.42:229][  0]LogTemp: Display: Loaded TP AndroidTargetPlatform
[2019.01.23-00.35.42:229][  0]LogTemp: Display: Loaded TP AndroidTargetPlatform
[2019.01.23-00.35.42:229][  0]LogTemp: Display: Loaded TP AndroidTargetPlatform
[2019.01.23-00.35.42:229][  0]LogTemp: Display: Loaded TP AndroidTargetPlatform
[2019.01.23-00.35.42:229][  0]LogTemp: Display: Loaded TP AndroidTargetPlatform
[2019.01.23-00.35.42:229][  0]LogTemp: Display: Loaded TP AndroidTargetPlatform
[2019.01.23-00.35.42:229][  0]LogTemp: Display: Loaded TP AndroidTargetPlatform
[2019.01.23-00.35.42:230][  0]LogTemp: Display: Loaded TP AndroidTargetPlatform
[2019.01.23-00.35.42:230][  0]LogTemp: Display: Loaded TP AndroidTargetPlatform
[2019.01.23-00.35.42:230][  0]LogTemp: Display: Loaded TP AndroidTargetPlatform
[2019.01.23-00.35.42:230][  0]LogTemp: Display: Loaded TP AndroidTargetPlatform
[2019.01.23-00.35.42:230][  0]LogTemp: Display: Loaded TP AndroidTargetPlatform
[2019.01.23-00.35.42:230][  0]LogTemp: Display: Loaded TP AndroidTargetPlatform
[2019.01.23-00.35.42:230][  0]LogTemp: Display: Loaded TP AndroidTargetPlatform
[2019.01.23-00.35.42:231][  0]LogTemp: Display: Loaded TP HTML5TargetPlatform
[2019.01.23-00.35.42:286][  0]LogTemp: Display: Loaded TP IOSTargetPlatform
[2019.01.23-00.35.42:286][  0]LogTemp: Display: Loaded TP IOSTargetPlatform
[2019.01.23-00.35.42:304][  0]LogTemp: Display: Loaded TP TVOSTargetPlatform
[2019.01.23-00.35.42:304][  0]LogTemp: Display: Loaded TP TVOSTargetPlatform
[2019.01.23-00.35.42:314][  0]LogTemp: Display: Loaded TP LinuxClientTargetPlatform
[2019.01.23-00.35.42:323][  0]LogTemp: Display: Loaded TP LinuxNoEditorTargetPlatform
[2019.01.23-00.35.42:332][  0]LogTemp: Display: Loaded TP LinuxServerTargetPlatform
[2019.01.23-00.35.42:342][  0]LogTemp: Display: Loaded TP LinuxTargetPlatform
[2019.01.23-00.35.42:349][  0]LogTemp: Display: Loaded TP LuminTargetPlatform
[2019.01.23-00.35.42:349][  0]LogTargetPlatformManager: Display: Building Assets For Windows
[2019.01.23-00.35.42:394][  0]LogXGEController: Cannot use XGE Controller as Incredibuild is not installed on this machine.
[2019.01.23-00.35.42:394][  0]LogShaderCompilers: Cannot use XGE Shader Compiler as Incredibuild is not installed on this machine.
[2019.01.23-00.35.42:394][  0]LogShaderCompilers: Display: Using Local Shader Compiler.
[2019.01.23-00.35.43:003][  0]LogDerivedDataCache: Display: Max Cache Size: 512 MB
[2019.01.23-00.35.43:048][  0]LogDerivedDataCache: Loaded boot cache 0.04s 71MB C:/Users/Ellipse/AppData/Local/UnrealEngine/4.20/DerivedDataCache/Boot.ddc.
[2019.01.23-00.35.43:048][  0]LogDerivedDataCache: Display: Loaded Boot cache: C:/Users/Ellipse/AppData/Local/UnrealEngine/4.20/DerivedDataCache/Boot.ddc
[2019.01.23-00.35.43:048][  0]LogDerivedDataCache: FDerivedDataBackendGraph:  Pak pak cache file ../../../../../../Users/Ellipse/Documents/Unreal Projects/JB_ICWBoxLvlDsn/JB_ICWBoxLvlDsn/DerivedDataCache/DDC.ddp not found, will not use a pak cache.
[2019.01.23-00.35.43:048][  0]LogDerivedDataCache: Unable to find inner node Pak for hierarchical cache Hierarchy.
[2019.01.23-00.35.43:048][  0]LogDerivedDataCache: FDerivedDataBackendGraph:  CompressedPak pak cache file ../../../../../../Users/Ellipse/Documents/Unreal Projects/JB_ICWBoxLvlDsn/JB_ICWBoxLvlDsn/DerivedDataCache/Compressed.ddp not found, will not use a pak cache.
[2019.01.23-00.35.43:048][  0]LogDerivedDataCache: Unable to find inner node CompressedPak for hierarchical cache Hierarchy.
[2019.01.23-00.35.43:059][  0]LogDerivedDataCache: Display: Pak cache opened for reading ../../../Engine/DerivedDataCache/Compressed.ddp.
[2019.01.23-00.35.43:071][  0]LogDerivedDataCache: Using Local data cache path C:/Users/Ellipse/AppData/Local/UnrealEngine/Common/DerivedDataCache: Writable
[2019.01.23-00.35.43:071][  0]LogDerivedDataCache: Shared data cache path not found in *engine.ini, will not use an Shared cache.
[2019.01.23-00.35.43:071][  0]LogDerivedDataCache: Unable to find inner node Shared for hierarchical cache Hierarchy.
[2019.01.23-00.35.43:085][  0]LogMaterial: Verifying Global Shaders for PCD3D_SM5
[2019.01.23-00.35.43:086][  0]LogSlate: Using FreeType 2.6.0
[2019.01.23-00.35.43:087][  0]LogSlate: SlateFontServices - WITH_FREETYPE: 1, WITH_HARFBUZZ: 1
[2019.01.23-00.35.43:151][  0]LogAssetRegistry: FAssetRegistry took 0.0250 seconds to start up
[2019.01.23-00.35.43:398][  0]LogInit: Selected Device Profile: [Windows]
[2019.01.23-00.35.43:502][  0]LogSimplygon: Simplygon DLL not present - disabling.
[2019.01.23-00.35.43:505][  0]LogMeshReduction: Using SimplygonSwarm for distributed automatic mesh merging
[2019.01.23-00.35.43:505][  0]LogMeshReduction: Using ProxyLODMeshReduction for automatic mesh merging
[2019.01.23-00.35.43:505][  0]LogMeshReduction: Using QuadricMeshReduction for automatic static mesh reduction
[2019.01.23-00.35.43:505][  0]LogMeshReduction: No automatic skeletal mesh reduction module available
[2019.01.23-00.35.43:517][  0]LogNetVersion: JB_ICWBoxLvlDsn 1.0.0, NetCL: 4212847, EngineNetVer: 5, GameNetVer: 0 (Checksum: 165072178)
[2019.01.23-00.35.43:900][  0]LogPackageLocalizationCache: Processed 10 localized package path(s) for 2 prioritized culture(s) in 0.071426 seconds
[2019.01.23-00.35.43:905][  0]LogUObjectArray: 38200 objects as part of root set at end of initial load.
[2019.01.23-00.35.43:905][  0]LogUObjectAllocator: 6653384 out of 0 bytes used by permanent object pool.
[2019.01.23-00.35.43:905][  0]LogUObjectArray: CloseDisregardForGC: 0/0 objects in disregard for GC pool
[2019.01.23-00.35.44:568][  0]LogTcpMessaging: Initializing TcpMessaging bridge
[2019.01.23-00.35.44:581][  0]LogUdpMessaging: Initializing bridge on interface 0.0.0.0:0 to multicast group 230.0.0.1:6666.
[2019.01.23-00.35.44:703][  0]SourceControl: Source control is disabled
[2019.01.23-00.35.44:703][  0]SourceControl: Source control is disabled
[2019.01.23-00.35.44:704][  0]SourceControl: Source control is disabled
[2019.01.23-00.35.44:705][  0]SourceControl: Source control is disabled
[2019.01.23-00.35.44:848][  0]LogAndroidPermission: UAndroidPermissionCallbackProxy::GetInstance
[2019.01.23-00.35.44:889][  0]LogOcInput: OculusInput pre-init called
[2019.01.23-00.35.44:938][  0]LogEngine: Initializing Engine...
[2019.01.23-00.35.44:939][  0]LogStats: UGameplayTagsManager::ConstructGameplayTagTree: ImportINI prefixes -  0.000 s
[2019.01.23-00.35.44:939][  0]LogStats: UGameplayTagsManager::ConstructGameplayTagTree: Construct from data asset -  0.000 s
[2019.01.23-00.35.44:939][  0]LogStats: UGameplayTagsManager::ConstructGameplayTagTree: ImportINI -  0.000 s
[2019.01.23-00.35.44:939][  0]LogStats: UGameplayTagsManager::ConstructGameplayTagTree: GameplayTagTreeChangedEvent.Broadcast -  0.000 s
[2019.01.23-00.35.45:099][  0]LogInit: Initializing FReadOnlyCVARCache
[2019.01.23-00.35.45:111][  0]LogAIModule: Creating AISystem for world Untitled
[2019.01.23-00.35.45:119][  0]LogInit: XAudio2 using 'Speakers (Realtek High Definition Audio)' : 2 channels at 48 kHz using 32 bits per sample (channel mask 0x3)
[2019.01.23-00.35.45:141][  0]LogInit: FAudioDevice initialized.
[2019.01.23-00.35.45:141][  0]LogNetVersion: Set ProjectVersion to 1.0.0.0. Version Checksum will be recalculated on next use.
[2019.01.23-00.35.45:196][  0]LogDerivedDataCache: Saved boot cache 0.05s 71MB C:/Users/Ellipse/AppData/Local/UnrealEngine/4.20/DerivedDataCache/Boot.ddc.
[2019.01.23-00.35.45:199][  0]LogInit: Texture streaming: Enabled
[2019.01.23-00.35.45:236][  0]LogEngineSessionManager: EngineSessionManager initialized
[2019.01.23-00.35.45:246][  0]LogInit: Transaction tracking system initialized
[2019.01.23-00.35.45:263][  0]BlueprintLog: New page: Editor Load
[2019.01.23-00.35.45:351][  0]LocalizationService: Localization service is disabled
[2019.01.23-00.35.45:560][  0]LogCook: Display: Max memory allowance for cook 16384mb min free memory 0mb
[2019.01.23-00.35.45:560][  0]LogFileCache: Scanning file cache for directory 'C:/Users/Ellipse/Documents/Unreal Projects/JB_ICWBoxLvlDsn/JB_ICWBoxLvlDsn/Content/' took 0.01s
[2019.01.23-00.35.45:560][  0]LogCook: Display: Mobile HDR setting 1
[2019.01.23-00.35.45:560][  0]LogGameplayTags: Display: UGameplayTagsManager::DoneAddingNativeTags. DelegateIsBound: 0
[2019.01.23-00.35.45:560][  0]LogStats: UGameplayTagsManager::ConstructGameplayTagTree: ImportINI prefixes -  0.000 s
[2019.01.23-00.35.45:560][  0]LogStats: UGameplayTagsManager::ConstructGameplayTagTree: Construct from data asset -  0.000 s
[2019.01.23-00.35.45:560][  0]LogStats: UGameplayTagsManager::ConstructGameplayTagTree: ImportINI -  0.000 s
[2019.01.23-00.35.45:560][  0]LogStats: UGameplayTagsManager::ConstructGameplayTagTree: GameplayTagTreeChangedEvent.Broadcast -  0.000 s
[2019.01.23-00.35.45:656][  0]SourceControl: Source control is disabled
[2019.01.23-00.35.45:656][  0]Cmd: MAP LOAD FILE="../../../Engine/Content/Maps/Templates/Template_Default.umap" TEMPLATE=1 SHOWPROGRESS=1 FEATURELEVEL=3
[2019.01.23-00.35.45:656][  0]LightingResults: New page: Lighting Build
[2019.01.23-00.35.45:659][  0]MapCheck: New page: Map Check
[2019.01.23-00.35.45:659][  0]LightingResults: New page: Lighting Build
[2019.01.23-00.35.45:820][  0]LogAIModule: Creating AISystem for world Untitled_1
[2019.01.23-00.35.45:827][  0]LogEditorServer: Finished looking for orphan Actors (0.000 secs)
[2019.01.23-00.35.45:846][  0]Cmd: MAP CHECKDEP NOCLEARLOG
[2019.01.23-00.35.45:898][  0]MapCheck: Map check complete: 0 Error(s), 0 Warning(s), took 51.63ms to complete.
[2019.01.23-00.35.45:898][  0]LogFileHelpers: Loading map 'Template_Default' took 0.242
[2019.01.23-00.35.45:983][  0]LogSlate: Updating window title bar state: overlay mode, drag disabled, window buttons hidden, title bar hidden
[2019.01.23-00.35.45:988][  0]LogSlate: Updating window title bar state: overlay mode, drag disabled, window buttons hidden, title bar hidden
[2019.01.23-00.35.45:994][  0]LogSlate: Updating window title bar state: overlay mode, drag disabled, window buttons hidden, title bar hidden
[2019.01.23-00.35.46:000][  0]LogSlate: Updating window title bar state: overlay mode, drag disabled, window buttons hidden, title bar hidden
[2019.01.23-00.35.46:005][  0]LogCollectionManager: Loaded 0 collections in 0.001345 seconds
[2019.01.23-00.35.46:045][  0]LogFileCache: Scanning file cache for directory 'C:/Users/Ellipse/Documents/Unreal Projects/JB_ICWBoxLvlDsn/JB_ICWBoxLvlDsn/Saved/Collections/' took 0.01s
[2019.01.23-00.35.46:045][  0]LogFileCache: Scanning file cache for directory 'C:/Users/Ellipse/Documents/Unreal Projects/JB_ICWBoxLvlDsn/JB_ICWBoxLvlDsn/Content/Developers/Ellipse/Collections/' took 0.01s
[2019.01.23-00.35.46:045][  0]LogFileCache: Scanning file cache for directory 'C:/Users/Ellipse/Documents/Unreal Projects/JB_ICWBoxLvlDsn/JB_ICWBoxLvlDsn/Content/Collections/' took 0.01s
[2019.01.23-00.35.46:045][  0]LogCollectionManager: Rebuilt the GUID cache for 0 collections in 0.000001 seconds
[2019.01.23-00.35.46:052][  0]LogContentBrowser: Native class hierarchy populated in 0.0071 seconds. Added 2569 classes and 598 folders.
[2019.01.23-00.35.46:057][  0]LogContentBrowser: Native class hierarchy updated for 'WidgetCarousel' in 0.0002 seconds. Added 0 classes and 0 folders.
[2019.01.23-00.35.46:093][  0]LogContentBrowser: Native class hierarchy updated for 'AddContentDialog' in 0.0002 seconds. Added 0 classes and 0 folders.
[2019.01.23-00.35.46:096][  0]LogContentBrowser: Native class hierarchy updated for 'SceneOutliner' in 0.0002 seconds. Added 1 classes and 2 folders.
[2019.01.23-00.35.46:108][  0]LogSlate: Took 0.000179 seconds to synchronously load lazily loaded font '../../../Engine/Content/Slate/Fonts/Roboto-Regular.ttf' (155K)
[2019.01.23-00.35.46:110][  0]LogSlate: Took 0.000141 seconds to synchronously load lazily loaded font '../../../Engine/Content/Slate/Fonts/Roboto-Bold.ttf' (160K)
[2019.01.23-00.35.46:114][  0]LogSlate: Took 0.000264 seconds to synchronously load lazily loaded font '../../../Engine/Content/Editor/Slate/Fonts/FontAwesome.ttf' (139K)
[2019.01.23-00.35.46:175][  0]LogRenderer: Reallocating scene render targets to support 1208x636 Format 10 NumSamples 1 (Frame:1).
[2019.01.23-00.35.46:291][  0]LogContentBrowser: Native class hierarchy updated for 'HierarchicalLODOutliner' in 0.0002 seconds. Added 0 classes and 0 folders.
[2019.01.23-00.35.46:291][  0]LogLoad: (Engine Initialization) Total time: 7.04 seconds
[2019.01.23-00.35.46:291][  0]LogLoad: (Engine Initialization) Total Blueprint compile time: 0.00 seconds
[2019.01.23-00.35.46:303][  0]LogWindowsTextInputMethodSystem: Display: IME system now deactivated.
[2019.01.23-00.35.46:320][  0]LogAssetRegistry: Asset discovery search completed in 3.1915 seconds
[2019.01.23-00.35.46:322][  0]LogCollectionManager: Rebuilt the object cache for 0 collections in 0.000000 seconds (found 0 objects)
[2019.01.23-00.35.46:322][  0]LogCollectionManager: Fixed up redirectors for 0 collections in 0.000040 seconds (updated 0 objects)
[2019.01.23-00.35.46:323][  0]LogContentStreaming: Texture pool size now 1000 MB
[2019.01.23-00.35.46:410][  0]LogSlate: Took 0.000111 seconds to synchronously load lazily loaded font '../../../Engine/Content/Slate/Fonts/Roboto-Light.ttf' (167K)
[2019.01.23-00.35.53:949][901]LogSlate: FSceneViewport::OnFocusLost() reason 0
[2019.01.23-00.35.54:103][919]LogSlate: Took 0.000144 seconds to synchronously load lazily loaded font '../../../Engine/Content/Slate/Fonts/Roboto-Light.ttf' (167K)
[2019.01.23-00.35.55:310][919]LogAIModule: Creating AISystem for world JB_WBoxBlockDsn
[2019.01.23-00.35.55:550][919]LogAssetEditorManager: Opening Asset editor for World /Game/JB_WBoxBlockDsn.JB_WBoxBlockDsn
[2019.01.23-00.35.55:580][919]Cmd: MAP LOAD FILE="../../../../../../Users/Ellipse/Documents/Unreal Projects/JB_ICWBoxLvlDsn/JB_ICWBoxLvlDsn/Content/JB_WBoxBlockDsn.umap" TEMPLATE=0 SHOWPROGRESS=1 FEATURELEVEL=3
[2019.01.23-00.35.55:580][919]LightingResults: New page: Lighting Build
[2019.01.23-00.35.55:580][919]LoadErrors: New page: Loading map: JB_WBoxBlockDsn.umap
[2019.01.23-00.35.55:581][919]MapCheck: New page: Map Check
[2019.01.23-00.35.55:581][919]LightingResults: New page: Lighting Build
[2019.01.23-00.35.55:676][919]LogEditorServer: Finished looking for orphan Actors (0.000 secs)
[2019.01.23-00.35.55:892][919]Cmd: MAP CHECKDEP NOCLEARLOG
[2019.01.23-00.35.55:951][919]MapCheck: Map check complete: 0 Error(s), 0 Warning(s), took 58.228ms to complete.
[2019.01.23-00.35.55:951][919]LogFileHelpers: Loading map 'JB_WBoxBlockDsn' took 0.371
[2019.01.23-00.36.02:320][638]Cmd: CAMERA ALIGN ACTIVEVIEWPORTONLY
[2019.01.23-00.36.21:938][112]Cmd: CAMERA ALIGN ACTIVEVIEWPORTONLY
[2019.01.23-00.36.25:690][549]LogSlate: FSceneViewport::OnFocusLost() reason 0
[2019.01.23-00.36.39:631][868]LogEditorViewport: Clicking on Actor (LMB): BP_Sky_Sphere_C (Sky Sphere2)
[2019.01.23-00.37.19:877][432]LogSlate: FSceneViewport::OnFocusLost() reason 0
[2019.01.23-00.38.41:311][567]LogSlate: FSceneViewport::OnFocusLost() reason 0
[2019.01.23-00.38.53:144][635]LogEditorViewport: Clicking on Actor (LMB): BP_Sky_Sphere_C (Sky Sphere2)
[2019.01.23-00.38.57:347][118]Cmd: CAMERA ALIGN ACTIVEVIEWPORTONLY
[2019.01.23-00.39.06:489][196]LogSlate: FSceneViewport::OnFocusLost() reason 0
[2019.01.23-00.39.07:331][297]LogEditorViewport: Clicking Background
[2019.01.23-00.39.09:802][584]LogEditorViewport: Clicking on Actor (LMB): BP_Sky_Sphere_C (Sky Sphere2)
[2019.01.23-00.39.32:904][500]LogSlate: FSceneViewport::OnFocusLost() reason 0
[2019.01.23-00.39.55:947][948]LogSlate: FSceneViewport::OnFocusLost() reason 0
[2019.01.23-00.40.53:370][397]LogSlate: FSceneViewport::OnFocusLost() reason 0
[2019.01.23-00.41.00:486][582]LogSlate: FSceneViewport::OnFocusLost() reason 2
[2019.01.23-00.41.05:956][193]LogSlate: FSceneViewport::OnFocusLost() reason 0
[2019.01.23-00.42.01:430][750]LogSlate: FSceneViewport::OnFocusLost() reason 0
[2019.01.23-00.42.41:264][812]LogSlate: FSceneViewport::OnFocusLost() reason 0
[2019.01.23-00.43.24:023][ 87]LogEditorViewport: Clicking on Actor (LMB): BP_Sky_Sphere_C (Sky Sphere2)
[2019.01.23-00.43.36:993][619]Cmd: CAMERA ALIGN ACTIVEVIEWPORTONLY
[2019.01.23-00.43.41:738][154]Cmd: DELETE
[2019.01.23-00.43.41:738][154]Cmd: ACTOR DELETE
[2019.01.23-00.43.41:914][154]LogEditorActor: Deleted Actor: Brush
[2019.01.23-00.43.44:272][154]LogEditorActor: Deleted 1 Actors (2.534 secs)
[2019.01.23-00.44.35:531][414]LogEditorViewport: Clicking on Actor (LMB): BP_Sky_Sphere_C (Sky Sphere2)
[2019.01.23-00.44.37:619][651]Cmd: CAMERA ALIGN ACTIVEVIEWPORTONLY
[2019.01.23-00.44.55:154][896]LogSlate: FSceneViewport::OnFocusLost() reason 0
[2019.01.23-00.45.13:879][933]LogEditorViewport: Clicking on Actor (LMB): BP_Sky_Sphere_C (Sky Sphere2)
[2019.01.23-00.45.15:966][169]Cmd: CAMERA ALIGN ACTIVEVIEWPORTONLY
[2019.01.23-00.45.16:962][286]LogEditorViewport: Clicking on Actor (LMB): BP_Sky_Sphere_C (Sky Sphere2)
[2019.01.23-00.45.52:681][172]Cmd: TRANSACTION UNDO
[2019.01.23-00.45.52:681][172]LogEditorTransaction: Undo Apply Material to Surface
[2019.01.23-00.46.23:099][296]LogEditorViewport: Clicking on Actor (LMB): BP_Sky_Sphere_C (Sky Sphere2)
[2019.01.23-00.46.36:136][357]LogEditorViewport: Clicking on Actor (LMB): BP_Sky_Sphere_C (Sky Sphere2)
[2019.01.23-00.46.56:486][286]LogEditorViewport: Clicking on Actor (LMB): BP_Sky_Sphere_C (Sky Sphere2)
[2019.01.23-00.46.59:452][625]LogEditorViewport: Clicking on Actor (LMB): Brush (Box Brush4219)
[2019.01.23-00.47.08:041][271]LogEditorViewport: Clicking on Actor (LMB): BP_Sky_Sphere_C (Sky Sphere2)
[2019.01.23-00.47.25:184][820]LogSlate: FSceneViewport::OnFocusLost() reason 0
[2019.01.23-00.47.33:836][505]LogEditorViewport: Clicking on Actor (LMB): BP_Sky_Sphere_C (Sky Sphere2)
[2019.01.23-00.48.13:189][118]LogSlate: FSceneViewport::OnFocusLost() reason 0
[2019.01.23-00.48.40:389][456]LogSavePackage: Moving '../../../../../../Users/Ellipse/Documents/Unreal Projects/JB_ICWBoxLvlDsn/JB_ICWBoxLvlDsn/Saved/JB_WBoxBlockDsn_Auto1A41382914C81EA6B3A878991521DFE2D.tmp' to '../../../../../../Users/Ellipse/Documents/Unreal Projects/JB_ICWBoxLvlDsn/JB_ICWBoxLvlDsn/Saved/Autosaves/Game/JB_WBoxBlockDsn_Auto1.umap'
[2019.01.23-00.48.40:398][456]LogFileHelpers: Editor autosave (incl. sublevels) for '/Game/JB_WBoxBlockDsn' took 6.882
[2019.01.23-00.48.40:398][456]LogFileHelpers: Editor autosave (incl. sublevels) for all levels took 6.882
[2019.01.23-00.48.42:339][675]LogEditorViewport: Clicking on Actor (LMB): BP_Sky_Sphere_C (Sky Sphere2)
[2019.01.23-00.48.45:325][ 16]Cmd: CAMERA ALIGN ACTIVEVIEWPORTONLY
[2019.01.23-00.48.47:333][244]LogEditorViewport: Clicking on Actor (LMB): BP_Sky_Sphere_C (Sky Sphere2)
[2019.01.23-00.49.00:430][298]LogSlate: FSceneViewport::OnFocusLost() reason 0
[2019.01.23-00.49.07:643][810]LogEditorViewport: Clicking on Actor (LMB): BP_Sky_Sphere_C (Sky Sphere2)
[2019.01.23-00.49.57:443][ 40]LogEditorViewport: Clicking on Actor (LMB): BP_Sky_Sphere_C (Sky Sphere2)
[2019.01.23-00.50.03:516][739]Cmd: CAMERA ALIGN ACTIVEVIEWPORTONLY
[2019.01.23-00.50.09:735][451]Cmd: DELETE
[2019.01.23-00.50.09:736][451]Cmd: ACTOR DELETE
[2019.01.23-00.50.09:863][451]LogEditorActor: Deleted Actor: Brush
[2019.01.23-00.50.09:864][451]LogEditorActor: Deleted Actor: Brush
[2019.01.23-00.50.09:864][451]LogEditorActor: Deleted Actor: Brush
[2019.01.23-00.50.11:863][451]LogEditorActor: Deleted 3 Actors (2.127 secs)
[2019.01.23-00.50.47:455][988]LogSlate: FSceneViewport::OnFocusLost() reason 0
[2019.01.23-00.51.17:551][509]LogEditorViewport: Clicking on Actor (LMB): BP_Sky_Sphere_C (Sky Sphere2)
[2019.01.23-00.51.32:251][749]LogSlate: FSceneViewport::OnFocusLost() reason 0
[2019.01.23-00.51.49:512][595]LogSlate: FSceneViewport::OnFocusLost() reason 0
[2019.01.23-00.52.04:312][517]LogEditorViewport: Clicking on Actor (LMB): BP_Sky_Sphere_C (Sky Sphere2)
[2019.01.23-00.52.24:776][359]Cmd: CAMERA ALIGN ACTIVEVIEWPORTONLY
[2019.01.23-00.52.33:649][ 58]LogEditorViewport: Clicking on Actor (LMB): BP_Sky_Sphere_C (Sky Sphere2)
[2019.01.23-00.52.53:424][399]Cmd: CAMERA ALIGN ACTIVEVIEWPORTONLY
[2019.01.23-00.53.35:861][594]LogSlate: FSceneViewport::OnFocusLost() reason 0
[2019.01.23-00.53.41:361][889]LogEditorViewport: Clicking on Actor (LMB): BP_Sky_Sphere_C (Sky Sphere2)
[2019.01.23-00.54.13:997][778]Cmd: CAMERA ALIGN ACTIVEVIEWPORTONLY
[2019.01.23-00.54.28:401][  4]LogSlate: FSceneViewport::OnFocusLost() reason 0
[2019.01.23-00.55.01:887][819]Cmd: DELETE
[2019.01.23-00.55.01:887][819]Cmd: ACTOR DELETE
[2019.01.23-00.55.02:048][819]LogEditorActor: Deleted Actor: Brush
[2019.01.23-00.55.04:282][819]LogEditorActor: Deleted 1 Actors (2.395 secs)
[2019.01.23-00.55.08:210][136]LogEditorViewport: Clicking on Actor (LMB): Brush (Box Brush4289)
[2019.01.23-00.55.17:877][791]LogEditorViewport: Clicking on Actor (LMB): BP_Sky_Sphere_C (Sky Sphere2)
[2019.01.23-00.55.25:271][648]Cmd: CAMERA ALIGN ACTIVEVIEWPORTONLY
[2019.01.23-00.55.31:178][321]LogEditorViewport: Clicking on Actor (context menu): BP_Sky_Sphere_C (Sky Sphere2)
[2019.01.23-00.55.31:227][321]LogSlate: FSceneViewport::OnFocusLost() reason 2
[2019.01.23-00.55.43:295][253]Cmd: CAMERA ALIGN ACTIVEVIEWPORTONLY
[2019.01.23-00.56.13:640][311]Cmd: CAMERA ALIGN ACTIVEVIEWPORTONLY
[2019.01.23-00.56.25:795][259]LogSlate: FSceneViewport::OnFocusLost() reason 0
[2019.01.23-00.56.32:663][723]LogEditorViewport: Clicking on Actor (LMB): BP_Sky_Sphere_C (Sky Sphere2)
[2019.01.23-00.56.39:179][421]Cmd: CAMERA ALIGN ACTIVEVIEWPORTONLY
[2019.01.23-00.56.41:037][523]LogEditorViewport: Clicking on Actor (LMB): BP_Sky_Sphere_C (Sky Sphere2)
[2019.01.23-00.56.59:907][273]Cmd: CAMERA ALIGN ACTIVEVIEWPORTONLY
[2019.01.23-00.59.18:513][733]Cmd: TRANSACTION UNDO
[2019.01.23-00.59.18:513][733]LogEditorTransaction: Undo Apply Material to Surface
[2019.01.23-00.59.27:764][786]Cmd: CAMERA ALIGN ACTIVEVIEWPORTONLY
[2019.01.23-00.59.30:408][ 82]LogSlate: FSceneViewport::OnFocusLost() reason 2
[2019.01.23-01.00.01:429][743]LogEditorViewport: Clicking on Actor (LMB): BP_Sky_Sphere_C (Sky Sphere2)
[2019.01.23-01.00.31:397][754]Cmd: CAMERA ALIGN ACTIVEVIEWPORTONLY
[2019.01.23-01.01.01:565][770]Cmd: CAMERA ALIGN ACTIVEVIEWPORTONLY
[2019.01.23-01.01.47:766][642]Cmd: CAMERA ALIGN ACTIVEVIEWPORTONLY
[2019.01.23-01.02.13:839][320]LogEditorViewport: Clicking on Actor (LMB): Brush (Box Brush4458)
[2019.01.23-01.03.00:287][173]Cmd: CAMERA ALIGN ACTIVEVIEWPORTONLY
[2019.01.23-01.03.42:921][149]LogSlate: FSceneViewport::OnFocusLost() reason 2
[2019.01.23-01.03.44:041][269]LogEditorViewport: Clicking on Actor (context menu): BP_Sky_Sphere_C (Sky Sphere2)
[2019.01.23-01.03.44:121][269]LogSlate: FSceneViewport::OnFocusLost() reason 2
[2019.01.23-01.03.44:996][369]LogEditorViewport: Clicking on Actor (LMB): BP_Sky_Sphere_C (Sky Sphere2)
[2019.01.23-01.04.08:114][575]Cmd: CAMERA ALIGN ACTIVEVIEWPORTONLY
[2019.01.23-01.04.57:355][737]Cmd: CAMERA ALIGN ACTIVEVIEWPORTONLY
[2019.01.23-01.05.05:318][255]Cmd: TRANSACTION UNDO
[2019.01.23-01.05.05:318][255]LogEditorTransaction: Undo Apply Material to Surface
[2019.01.23-01.06.09:154][142]LogEditorViewport: Clicking on Actor (LMB): BP_Sky_Sphere_C (Sky Sphere2)
[2019.01.23-01.06.12:995][538]Cmd: CAMERA ALIGN ACTIVEVIEWPORTONLY
[2019.01.23-01.06.15:651][700]LogEditorViewport: Clicking on Actor (LMB): BP_Sky_Sphere_C (Sky Sphere2)
[2019.01.23-01.07.01:377][142]LogSlate: FSceneViewport::OnFocusLost() reason 2
[2019.01.23-01.07.09:138][142]LogSavePackage: Moving '../../../../../../Users/Ellipse/Documents/Unreal Projects/JB_ICWBoxLvlDsn/JB_ICWBoxLvlDsn/Saved/JB_WBoxBlockDsn_Auto2B130A1C3496606122C545D8F8397D456.tmp' to '../../../../../../Users/Ellipse/Documents/Unreal Projects/JB_ICWBoxLvlDsn/JB_ICWBoxLvlDsn/Saved/Autosaves/Game/JB_WBoxBlockDsn_Auto2.umap'
[2019.01.23-01.07.09:148][142]LogFileHelpers: Editor autosave (incl. sublevels) for '/Game/JB_WBoxBlockDsn' took 7.758
[2019.01.23-01.07.09:148][142]LogFileHelpers: Editor autosave (incl. sublevels) for all levels took 7.758
[2019.01.23-01.10.12:835][737]LogEditorViewport: Clicking on Actor (LMB): BP_Sky_Sphere_C (Sky Sphere2)
[2019.01.23-01.10.15:834][ 71]Cmd: CAMERA ALIGN ACTIVEVIEWPORTONLY
[2019.01.23-01.11.06:087][  2]LogSlate: FSceneViewport::OnFocusLost() reason 0
[2019.01.23-01.11.12:934][ 13]LogSavePackage: Moving '../../../../../../Users/Ellipse/Documents/Unreal Projects/JB_ICWBoxLvlDsn/JB_ICWBoxLvlDsn/Saved/JB_WBoxBlockDsnB500E3054F826A7C1A11F7BF67D1D347.tmp' to '../../../../../../Users/Ellipse/Documents/Unreal Projects/JB_ICWBoxLvlDsn/JB_ICWBoxLvlDsn/Content/JB_WBoxBlockDsn.umap'
[2019.01.23-01.11.12:989][ 13]LogSavePackage: Moving '../../../../../../Users/Ellipse/Documents/Unreal Projects/JB_ICWBoxLvlDsn/JB_ICWBoxLvlDsn/Saved/JB_WBoxBlockDsn_BuiltDataD72DFB554E680478BEDBABA0A039EECD.tmp' to '../../../../../../Users/Ellipse/Documents/Unreal Projects/JB_ICWBoxLvlDsn/JB_ICWBoxLvlDsn/Content/JB_WBoxBlockDsn_BuiltData.uasset'
